c:\users\diego_mendes\documents\cg\rt-2015\x64\debug\vc120.pdb
c:\users\diego_mendes\documents\cg\rt-2015\x64\debug\vc120.idb
c:\users\diego_mendes\documents\cg\rt-2015\x64\debug\main.obj
c:\users\diego_mendes\documents\cg\rt-2015\x64\debug\bvh.obj
c:\users\diego_mendes\documents\cg\rt-2015\x64\debug\camera.obj
c:\users\diego_mendes\documents\cg\rt-2015\x64\debug\color.obj
c:\users\diego_mendes\documents\cg\rt-2015\x64\debug\glgismodrawer.obj
c:\users\diego_mendes\documents\cg\rt-2015\x64\debug\glimage.obj
c:\users\diego_mendes\documents\cg\rt-2015\x64\debug\glpainter.obj
c:\users\diego_mendes\documents\cg\rt-2015\x64\debug\glprogram.obj
c:\users\diego_mendes\documents\cg\rt-2015\x64\debug\glrenderer.obj
c:\users\diego_mendes\documents\cg\rt-2015\x64\debug\material.obj
c:\users\diego_mendes\documents\cg\rt-2015\x64\debug\meshreader.obj
c:\users\diego_mendes\documents\cg\rt-2015\x64\debug\meshsweeper.obj
c:\users\diego_mendes\documents\cg\rt-2015\x64\debug\model.obj
c:\users\diego_mendes\documents\cg\rt-2015\x64\debug\raytracer.obj
c:\users\diego_mendes\documents\cg\rt-2015\x64\debug\renderer.obj
c:\users\diego_mendes\documents\cg\rt-2015\x64\debug\scene.obj
c:\users\diego_mendes\documents\cg\rt-2015\x64\debug\sweeper.obj
c:\users\diego_mendes\documents\cg\rt-2015\x64\debug\trianglemesh.obj
c:\users\diego_mendes\documents\cg\rt-2015\x64\debug\trianglemeshshape.obj
c:\users\diego_mendes\documents\cg\rt-2015\x64\debug\gltest.obj
c:\users\diego_mendes\documents\cg\rt-2015\x64\debug\teste.obj
c:\users\diego_mendes\documents\cg\rt-2015\x64\debug\parser.obj
c:\users\diego_mendes\documents\cg\rt-2015\x64\debug\pugixml.obj
c:\users\diego_mendes\documents\cg\rt-2015\x64\debug\rt.ilk
c:\users\diego_mendes\documents\cg\rt-2015\x64\debug\rt.exe
c:\users\diego_mendes\documents\cg\rt-2015\x64\debug\rt.pdb
c:\users\diego_mendes\documents\cg\rt-2015\x64\debug\rt.tlog\cl.command.1.tlog
c:\users\diego_mendes\documents\cg\rt-2015\x64\debug\rt.tlog\cl.read.1.tlog
c:\users\diego_mendes\documents\cg\rt-2015\x64\debug\rt.tlog\cl.write.1.tlog
c:\users\diego_mendes\documents\cg\rt-2015\x64\debug\rt.tlog\link.command.1.tlog
c:\users\diego_mendes\documents\cg\rt-2015\x64\debug\rt.tlog\link.read.1.tlog
c:\users\diego_mendes\documents\cg\rt-2015\x64\debug\rt.tlog\link.write.1.tlog
