Build started 30/03/2016 13:14:40.
     1>Project "C:\Users\diego_mendes\Documents\CG\rt-2015\rt.vcxproj" on node 2 (Build target(s)).
     1>ClCompile:
         C:\Program Files (x86)\Microsoft Visual Studio 12.0\VC\bin\x86_amd64\CL.exe /c /I./ /I./include /Zi /nologo /W3 /WX- /Od /D WIN32 /D _MBCS /Gm /EHsc /RTC1 /MTd /GS /fp:precise /Zc:wchar_t /Zc:forScope /Fo"x64\Debug\\" /Fd"x64\Debug\vc120.pdb" /Gd /TP /errorReport:prompt /D"_CRT_SECURE_NO_WARNINGS" source\RayTracer.cpp
         RayTracer.cpp
     1>source\RayTracer.cpp(269): warning C4244: '=' : conversion from 'double' to 'int', possible loss of data
     1>source\RayTracer.cpp(271): warning C4244: '=' : conversion from 'double' to 'int', possible loss of data
     1>source\RayTracer.cpp(273): warning C4244: '=' : conversion from 'double' to 'int', possible loss of data
     1>source\RayTracer.cpp(275): warning C4244: '=' : conversion from 'double' to 'int', possible loss of data
     1>source\RayTracer.cpp(277): warning C4244: '=' : conversion from 'double' to 'int', possible loss of data
     1>source\RayTracer.cpp(299): warning C4244: 'argument' : conversion from 'double' to 'float', possible loss of data
     1>source\RayTracer.cpp(341): warning C4244: 'argument' : conversion from 'float' to 'int', possible loss of data
     1>source\RayTracer.cpp(342): warning C4244: 'argument' : conversion from 'float' to 'int', possible loss of data
     1>source\RayTracer.cpp(352): warning C4244: 'argument' : conversion from 'int' to 'float', possible loss of data
       Link:
         C:\Program Files (x86)\Microsoft Visual Studio 12.0\VC\bin\x86_amd64\link.exe /ERRORREPORT:PROMPT /OUT:"C:\Users\diego_mendes\Documents\CG\rt-2015\x64\Debug\rt.exe" /INCREMENTAL /NOLOGO /LIBPATH:./lib freeglut_static.lib glew64.lib kernel32.lib user32.lib gdi32.lib winspool.lib comdlg32.lib advapi32.lib shell32.lib ole32.lib oleaut32.lib uuid.lib odbc32.lib odbccp32.lib kernel32.lib user32.lib gdi32.lib winspool.lib comdlg32.lib advapi32.lib shell32.lib ole32.lib oleaut32.lib uuid.lib odbc32.lib odbccp32.lib /MANIFEST /MANIFESTUAC:"level='asInvoker' uiAccess='false'" /manifest:embed /DEBUG /PDB:"C:\Users\diego_mendes\Documents\CG\rt-2015\x64\Debug\rt.pdb" /SUBSYSTEM:CONSOLE /TLBID:1 /DYNAMICBASE /NXCOMPAT /IMPLIB:"C:\Users\diego_mendes\Documents\CG\rt-2015\x64\Debug\rt.lib" /MACHINE:X64 x64\Debug\Main.obj
         x64\Debug\BVH.obj
         x64\Debug\Camera.obj
         x64\Debug\Color.obj
         x64\Debug\GLGismoDrawer.obj
         x64\Debug\GLImage.obj
         x64\Debug\GLPainter.obj
         x64\Debug\GLProgram.obj
         x64\Debug\GLRenderer.obj
         x64\Debug\Material.obj
         x64\Debug\MeshReader.obj
         x64\Debug\MeshSweeper.obj
         x64\Debug\Model.obj
         x64\Debug\Parser.obj
         x64\Debug\pugixml.obj
         x64\Debug\RayTracer.obj
         x64\Debug\Renderer.obj
         x64\Debug\Scene.obj
         x64\Debug\Sweeper.obj
         x64\Debug\TriangleMesh.obj
         x64\Debug\TriangleMeshShape.obj
         rt.vcxproj -> C:\Users\diego_mendes\Documents\CG\rt-2015\x64\Debug\rt.exe
     1>Done Building Project "C:\Users\diego_mendes\Documents\CG\rt-2015\rt.vcxproj" (Build target(s)).

Build succeeded.

Time Elapsed 00:00:01.48
